INFO [2021-03-03 14:16:27] $x
INFO [2021-03-03 14:16:27] list(unique(UV_BR$transcript_id), unique(UV_SC$transcript_id))
INFO [2021-03-03 14:16:27] 
INFO [2021-03-03 14:16:27] $euler.d
INFO [2021-03-03 14:16:27] T
INFO [2021-03-03 14:16:27] 
INFO [2021-03-03 14:16:27] $scaled
INFO [2021-03-03 14:16:27] T
INFO [2021-03-03 14:16:27] 
INFO [2021-03-03 14:16:27] $category.names
INFO [2021-03-03 14:16:27] c(expression(italic("S. ruralis")), expression(italic("S. caninervis")))
INFO [2021-03-03 14:16:27] 
INFO [2021-03-03 14:16:27] $filename
INFO [2021-03-03 14:16:27] [1] "venn_acute.tiff"
INFO [2021-03-03 14:16:27] 
INFO [2021-03-03 14:16:27] $output
INFO [2021-03-03 14:16:27] [1] TRUE
INFO [2021-03-03 14:16:27] 
INFO [2021-03-03 14:16:27] $imagetype
INFO [2021-03-03 14:16:27] [1] "tiff"
INFO [2021-03-03 14:16:27] 
INFO [2021-03-03 14:16:27] $height
INFO [2021-03-03 14:16:27] [1] 800
INFO [2021-03-03 14:16:27] 
INFO [2021-03-03 14:16:27] $width
INFO [2021-03-03 14:16:27] [1] 800
INFO [2021-03-03 14:16:27] 
INFO [2021-03-03 14:16:27] $resolution
INFO [2021-03-03 14:16:27] [1] 600
INFO [2021-03-03 14:16:27] 
INFO [2021-03-03 14:16:27] $compression
INFO [2021-03-03 14:16:27] [1] "lzw"
INFO [2021-03-03 14:16:27] 
INFO [2021-03-03 14:16:27] $lwd
INFO [2021-03-03 14:16:27] [1] 2
INFO [2021-03-03 14:16:27] 
INFO [2021-03-03 14:16:27] $lty
INFO [2021-03-03 14:16:27] [1] "blank"
INFO [2021-03-03 14:16:27] 
INFO [2021-03-03 14:16:27] $fill
INFO [2021-03-03 14:16:27] [1] "#099c4e"
INFO [2021-03-03 14:16:27] 
INFO [2021-03-03 14:16:27] $cex
INFO [2021-03-03 14:16:27] [1] 0.65
INFO [2021-03-03 14:16:27] 
INFO [2021-03-03 14:16:27] $fontface
INFO [2021-03-03 14:16:27] [1] "bold"
INFO [2021-03-03 14:16:27] 
INFO [2021-03-03 14:16:27] $fontfamily
INFO [2021-03-03 14:16:27] [1] "sans"
INFO [2021-03-03 14:16:27] 
INFO [2021-03-03 14:16:27] $cat.cex
INFO [2021-03-03 14:16:27] [1] 0.5
INFO [2021-03-03 14:16:27] 
INFO [2021-03-03 14:16:27] $cat.fontface
INFO [2021-03-03 14:16:27] [1] "bold"
INFO [2021-03-03 14:16:27] 
INFO [2021-03-03 14:16:27] $cat.default.pos
INFO [2021-03-03 14:16:27] [1] "outer"
INFO [2021-03-03 14:16:27] 
INFO [2021-03-03 14:16:27] $cat.pos
INFO [2021-03-03 14:16:27] c(0, 0)
INFO [2021-03-03 14:16:27] 
INFO [2021-03-03 14:16:27] $cat.dist
INFO [2021-03-03 14:16:27] c(0.02, 0.02)
INFO [2021-03-03 14:16:27] 
INFO [2021-03-03 14:16:27] $cat.fontfamily
INFO [2021-03-03 14:16:27] [1] "sans"
INFO [2021-03-03 14:16:27] 
